2024-09-17 23:57:45,258 - INFO - Unprocessed date (days): updated today
2024-09-17 23:57:45,258 - INFO - Unprocessed date (days): updated today
2024-09-17 23:57:45,258 - INFO - Unprocessed date (days): updated today
2024-09-17 23:57:45,258 - INFO - Unprocessed date (days): updated yesterday
2024-09-17 23:57:45,258 - INFO - Unprocessed date (days): updated yesterday
2024-09-17 23:57:45,258 - INFO - Unprocessed date (days): updated today
2024-09-17 23:57:45,258 - INFO - Unprocessed date (days): updated yesterday
2024-09-17 23:57:45,258 - INFO - Unprocessed date (days): updated yesterday
2024-09-17 23:57:45,258 - INFO - Unprocessed date (days): updated yesterday
2024-09-17 23:57:45,258 - INFO - Unprocessed date (days): updated yesterday
2024-09-17 23:57:45,258 - INFO - Unprocessed date (days): updated yesterday
2024-09-17 23:57:45,259 - INFO - Unprocessed date (fallback): updated 1 month ago
2024-09-17 23:57:45,259 - INFO - Unprocessed date (fallback): updated 1 month ago
2024-09-17 23:57:45,259 - INFO - Unprocessed date (posted months): posted:   3 months ago
2024-09-17 23:57:45,259 - INFO - Unprocessed date (fallback): updated 1 month ago
2024-09-17 23:57:45,259 - INFO - Unprocessed date (posted months): posted:   3 months ago
2024-09-17 23:57:45,259 - INFO - Unprocessed date (fallback): updated 1 month ago
2024-09-17 23:57:45,259 - INFO - Unprocessed date (fallback): updated 1 month ago
2024-09-17 23:57:45,259 - INFO - Unprocessed date (posted months): posted:   3 months ago
2024-09-17 23:57:45,259 - INFO - Unprocessed date (fallback): updated 1 month ago
2024-09-17 23:57:45,259 - INFO - Unprocessed date (fallback): updated 1 month ago
2024-09-17 23:57:45,259 - INFO - Unprocessed date (posted months): posted:   3 months ago
2024-09-17 23:57:45,259 - INFO - Unprocessed date (posted months): posted:   3 months ago
2024-09-17 23:57:45,259 - INFO - Unprocessed date (posted months): posted:   3 months ago
2024-09-17 23:57:45,259 - INFO - Unprocessed date (fallback): updated 1 month ago
2024-09-17 23:57:45,259 - INFO - Unprocessed date (posted months): posted:   3 months ago
2024-09-17 23:57:45,259 - INFO - Unprocessed date (fallback): updated 1 month ago
2024-09-17 23:57:45,259 - INFO - Unprocessed date (fallback): updated 1 month ago
2024-09-17 23:57:45,259 - INFO - Unprocessed date (posted months): posted:   3 months ago
2024-09-17 23:57:45,259 - INFO - Unprocessed date (fallback): updated 1 month ago
2024-09-17 23:57:45,259 - INFO - Unprocessed date (posted months): posted:   3 months ago
2024-09-17 23:57:45,259 - INFO - Unprocessed date (fallback): updated 1 month ago
2024-09-17 23:57:45,259 - INFO - Unprocessed date (posted months): posted:   3 months ago
2024-09-17 23:57:45,259 - INFO - Unprocessed date (fallback): updated 1 month ago
2024-09-17 23:57:45,259 - INFO - Unprocessed date (fallback): updated 1 month ago
2024-09-17 23:57:45,260 - INFO - Unprocessed date (fallback): updated 1 month ago
2024-09-17 23:57:45,260 - INFO - Unprocessed date (posted months): posted:   3 months ago
2024-09-17 23:57:45,260 - INFO - Unprocessed date (fallback): updated jun 21, '24
2024-09-17 23:57:45,260 - INFO - Unprocessed date (fallback): updated 1 month ago
2024-09-17 23:57:45,260 - INFO - Unprocessed date (posted months): posted:   3 months ago
2024-09-17 23:57:45,260 - INFO - Unprocessed date (fallback): updated 1 month ago
2024-09-17 23:57:45,260 - INFO - Unprocessed date (posted months): posted:   3 months ago
2024-09-17 23:57:45,260 - INFO - Unprocessed date (fallback): updated 1 month ago
2024-09-17 23:57:45,260 - INFO - Unprocessed date (fallback): updated 1 month ago
2024-09-17 23:57:45,260 - INFO - Unprocessed date (posted months): posted:   3 months ago
2024-09-17 23:57:45,260 - INFO - Unprocessed date (posted months): posted:   3 months ago
2024-09-17 23:57:45,260 - INFO - Unprocessed date (posted months): posted:   3 months ago
2024-09-17 23:57:45,260 - INFO - Unprocessed date (posted months): posted:   3 months ago
2024-09-17 23:57:45,260 - INFO - Unprocessed date (posted months): posted:   3 months ago
2024-09-17 23:57:45,260 - INFO - Unprocessed date (fallback): updated 1 month ago
2024-09-17 23:57:45,260 - INFO - Unprocessed date (posted months): posted:   3 months ago
2024-09-17 23:57:45,260 - INFO - Unprocessed date (posted months): posted:   3 months ago
2024-09-17 23:57:45,260 - INFO - Unprocessed date (posted months): posted:   3 months ago
2024-09-17 23:57:45,260 - INFO - Unprocessed date (fallback): updated 1 month ago
2024-09-17 23:57:45,260 - INFO - Unprocessed date (fallback): updated 1 month ago
2024-09-17 23:57:45,260 - INFO - Unprocessed date (fallback): updated 1 month ago
2024-09-17 23:57:45,260 - INFO - Unprocessed date (fallback): updated 1 month ago
2024-09-17 23:57:45,260 - INFO - Unprocessed date (posted months): posted:   3 months ago
2024-09-17 23:57:45,261 - INFO - Unprocessed date (posted months): posted:   3 months ago
2024-09-17 23:57:45,261 - INFO - Unprocessed date (fallback): updated 1 month ago
2024-09-17 23:57:45,261 - INFO - Unprocessed date (fallback): updated 1 month ago
2024-09-17 23:57:45,261 - INFO - Unprocessed date (posted months): posted:   3 months ago
2024-09-17 23:57:45,261 - INFO - Unprocessed date (fallback): updated 1 month ago
2024-09-17 23:57:45,261 - INFO - Unprocessed date (posted months): posted:   3 months ago
2024-09-17 23:57:45,261 - INFO - Unprocessed date (posted months): posted:   3 months ago
2024-09-17 23:57:45,261 - INFO - Unprocessed date (fallback): updated 1 month ago
2024-09-17 23:57:45,261 - INFO - Unprocessed date (posted months): posted:   3 months ago
2024-09-17 23:57:45,261 - INFO - Unprocessed date (posted months): posted:   3 months ago
2024-09-17 23:57:45,261 - INFO - Unprocessed date (fallback): updated 1 month ago
2024-09-17 23:57:45,261 - INFO - Unprocessed date (fallback): updated 1 month ago
2024-09-17 23:57:45,261 - INFO - Unprocessed date (fallback): updated 1 month ago
2024-09-17 23:57:45,261 - INFO - Unprocessed date (fallback): updated 1 month ago
2024-09-17 23:57:45,261 - INFO - Unprocessed date (fallback): updated 1 month ago
2024-09-17 23:57:45,261 - INFO - Unprocessed date (posted months): posted:   3 months ago
2024-09-17 23:57:45,261 - INFO - Unprocessed date (posted months): posted:   3 months ago
2024-09-17 23:57:45,261 - INFO - Unprocessed date (fallback): updated 1 month ago
2024-09-17 23:57:45,261 - INFO - Unprocessed date (posted months): posted:   3 months ago
2024-09-17 23:57:45,261 - INFO - Unprocessed date (fallback): updated 1 month ago
2024-09-17 23:57:45,261 - INFO - Unprocessed date (fallback): updated 1 month ago
2024-09-17 23:57:45,261 - INFO - Unprocessed date (posted months): posted:   3 months ago
2024-09-17 23:57:45,261 - INFO - Unprocessed date (posted months): posted:   3 months ago
2024-09-17 23:57:45,261 - INFO - Unprocessed date (posted months): posted:   3 months ago
2024-09-17 23:57:45,261 - INFO - Unprocessed date (posted months): posted:   3 months ago
2024-09-17 23:57:45,261 - INFO - Unprocessed date (fallback): updated 1 month ago
2024-09-17 23:57:45,262 - INFO - Unprocessed date (posted months): posted:   3 months ago
2024-09-17 23:57:45,262 - INFO - Unprocessed date (fallback): updated 1 month ago
2024-09-17 23:57:45,262 - INFO - Unprocessed date (fallback): updated 1 month ago
2024-09-17 23:57:45,262 - INFO - Unprocessed date (posted months): posted:   3 months ago
2024-09-17 23:57:45,262 - INFO - Unprocessed date (posted months): posted:   3 months ago
2024-09-17 23:57:45,262 - INFO - Unprocessed date (posted months): posted:   3 months ago
2024-09-17 23:57:45,262 - INFO - Unprocessed date (fallback): updated 1 month ago
2024-09-17 23:57:45,262 - INFO - Unprocessed date (posted months): posted:   3 months ago
2024-09-17 23:57:45,262 - INFO - Unprocessed date (fallback): updated 1 month ago
2024-09-17 23:57:45,262 - INFO - Unprocessed date (posted months): posted:   3 months ago
2024-09-17 23:57:45,262 - INFO - Unprocessed date (posted months): posted:   3 months ago
2024-09-17 23:57:45,262 - INFO - Unprocessed date (posted months): posted:   3 months ago
2024-09-17 23:57:45,262 - INFO - Unprocessed date (posted months): posted:   3 months ago
2024-09-17 23:57:45,262 - INFO - Unprocessed date (posted months): posted:   3 months ago
2024-09-17 23:57:45,262 - INFO - Unprocessed date (posted months): posted:   3 months ago
2024-09-17 23:57:45,262 - INFO - Unprocessed date (posted months): posted:   3 months ago
2024-09-17 23:57:45,262 - INFO - Unprocessed date (fallback): updated 1 month ago
2024-09-17 23:57:45,262 - INFO - Unprocessed date (posted months): posted:   3 months ago
2024-09-17 23:57:45,262 - INFO - Unprocessed date (fallback): updated 1 month ago
2024-09-17 23:57:45,262 - INFO - Unprocessed date (posted months): posted:   3 months ago
2024-09-17 23:57:45,262 - INFO - Unprocessed date (posted months): posted:   3 months ago
2024-09-17 23:57:45,262 - INFO - Unprocessed date (posted months): posted:   3 months ago
2024-09-17 23:57:45,262 - INFO - Unprocessed date (fallback): updated 1 month ago
2024-09-17 23:57:45,262 - INFO - Unprocessed date (posted months): posted:   3 months ago
2024-09-17 23:57:45,263 - INFO - Unprocessed date (fallback): updated 1 month ago
2024-09-17 23:59:50,909 - INFO - Unprocessed date (fallback): updated jun 21, '24
2024-09-18 00:04:07,790 - INFO - Unprocessed date (fallback): updated jun 21, '24
2024-09-18 00:04:19,528 - INFO - Unprocessed date (fallback): updated jun 21, '24
